<?xml version="1.0" encoding="UTF-8"?>
<!-- Generated by org.testng.reporters.JUnitReportReporter -->
<testsuite hostname="DESKTOP-RGQ48VM" failures="0" tests="4" name="Project.Signinwithwrongcredentials" time="11.293" errors="0" timestamp="2024-04-22T13:05:52 IST" skipped="0">
  <testcase classname="Project.Signinwithwrongcredentials" name="navigateToMagentoWebsite" time="7.670"/>
  <system-out/>
  <testcase classname="Project.Signinwithwrongcredentials" name="enterInvalidCredentialsAndSignIn" time="3.449"/>
  <system-out/>
  <testcase classname="Project.Signinwithwrongcredentials" name="verifyErrorMessage" time="0.112"/>
  <system-out/>
  <testcase classname="Project.Signinwithwrongcredentials" name="verifyUserNotLoggedIn" time="0.062"/>
  <system-out/>
</testsuite> <!-- Project.Signinwithwrongcredentials -->
