<?xml version="1.0" encoding="UTF-8"?>
<!-- Generated by org.testng.reporters.JUnitReportReporter -->
<testsuite hostname="DESKTOP-RGQ48VM" failures="0" tests="1" name="Project.Homepagetest" time="4.571" errors="0" timestamp="2024-04-22T19:25:15 IST" skipped="0">
  <testcase classname="Project.Homepagetest" name="testHomePageLoad" time="4.571"/>
  <system-out/>
</testsuite> <!-- Project.Homepagetest -->
