<?xml version="1.0" encoding="UTF-8"?>
<!-- Generated by org.testng.reporters.JUnitReportReporter -->
<testsuite hostname="DESKTOP-RGQ48VM" failures="0" tests="2" name="project.TestProductFunctionalityandAddtoCart" time="16.167" errors="0" timestamp="2024-04-23T15:36:54 IST" skipped="0">
  <testcase classname="project.TestProductFunctionalityandAddtoCart" name="testProductAttributeFunctionality" time="14.462"/>
  <system-out/>
  <testcase classname="project.TestProductFunctionalityandAddtoCart" name="todeleteitemfromCart" time="1.705"/>
  <system-out/>
</testsuite> <!-- project.TestProductFunctionalityandAddtoCart -->
