<?xml version="1.0" encoding="UTF-8"?>
<!-- Generated by org.testng.reporters.JUnitReportReporter -->
<testsuite hostname="DESKTOP-RGQ48VM" failures="0" tests="1" name="Project.Browsernavigationtest" time="10.631" errors="0" timestamp="2024-04-22T19:45:59 IST" skipped="0">
  <testcase classname="Project.Browsernavigationtest" name="testNavigation" time="10.631"/>
  <system-out/>
</testsuite> <!-- Project.Browsernavigationtest -->
