<?xml version="1.0" encoding="UTF-8"?>
<!-- Generated by org.testng.reporters.JUnitReportReporter -->
<testsuite hostname="DESKTOP-RGQ48VM" failures="0" tests="2" name="project.WishlistfunctionalityTest" time="18.514" errors="0" timestamp="2024-04-23T15:43:20 IST" skipped="0">
  <testcase classname="project.WishlistfunctionalityTest" name="testAddToWishlist" time="15.612"/>
  <system-out/>
  <testcase classname="project.WishlistfunctionalityTest" name="testRemoveFromWishlist" time="2.902"/>
  <system-out/>
</testsuite> <!-- project.WishlistfunctionalityTest -->
