<?xml version="1.0" encoding="UTF-8"?>
<!-- Generated by org.testng.reporters.JUnitReportReporter -->
<testsuite hostname="DESKTOP-RGQ48VM" failures="0" tests="1" name="project.ForgotPasswordTest" time="13.310" errors="0" timestamp="2024-04-25T18:12:57 IST" skipped="0">
  <testcase classname="project.ForgotPasswordTest" name="testForgotPassword" time="13.310"/>
  <system-out/>
</testsuite> <!-- project.ForgotPasswordTest -->
