<?xml version="1.0" encoding="UTF-8"?>
<!-- Generated by org.testng.reporters.JUnitReportReporter -->
<testsuite hostname="DESKTOP-RGQ48VM" failures="0" tests="1" name="project.ProductSortingTest" time="29.500" errors="0" timestamp="2024-04-25T11:01:59 IST" skipped="0">
  <testcase classname="project.ProductSortingTest" name="testProductSorting" time="29.500"/>
  <system-out/>
</testsuite> <!-- project.ProductSortingTest -->
