<?xml version="1.0" encoding="UTF-8"?>
<!-- Generated by org.testng.reporters.JUnitReportReporter -->
<testsuite hostname="DESKTOP-RGQ48VM" failures="0" tests="5" name="project.Createaccount" time="19.398" errors="0" timestamp="2024-04-25T19:57:45 IST" skipped="0">
  <testcase classname="project.Createaccount" name="navigateToMagentoWebsite" time="7.804"/>
  <system-out/>
  <testcase classname="project.Createaccount" name="clickOnCreateAccountLink" time="3.319"/>
  <system-out/>
  <testcase classname="project.Createaccount" name="fillRegistrationForm" time="1.082"/>
  <system-out/>
  <testcase classname="project.Createaccount" name="submitRegistrationForm" time="7.139"/>
  <system-out/>
  <testcase classname="project.Createaccount" name="verifyRegistrationSuccess" time="0.054"/>
  <system-out/>
</testsuite> <!-- project.Createaccount -->
