<?xml version="1.0" encoding="UTF-8"?>
<!-- Generated by org.testng.reporters.JUnitReportReporter -->
<testsuite hostname="DESKTOP-RGQ48VM" failures="0" tests="1" name="Project.TestProductAttributeFunctionality" time="35.421" errors="0" timestamp="2024-04-22T21:14:52 IST" skipped="0">
  <testcase classname="Project.TestProductAttributeFunctionality" name="testProductAttributeFunctionality" time="35.421"/>
  <system-out/>
</testsuite> <!-- Project.TestProductAttributeFunctionality -->
