<?xml version="1.0" encoding="UTF-8"?>
<!-- Generated by org.testng.reporters.JUnitReportReporter -->
<testsuite hostname="DESKTOP-RGQ48VM" failures="0" tests="1" name="Project.SearchFunctionalityTest" time="9.168" errors="0" timestamp="2024-04-22T20:30:15 IST" skipped="0">
  <testcase classname="Project.SearchFunctionalityTest" name="testSearchFunctionality" time="9.168"/>
  <system-out/>
</testsuite> <!-- Project.SearchFunctionalityTest -->
