<?xml version="1.0" encoding="UTF-8"?>
<!-- Generated by org.testng.reporters.JUnitReportReporter -->
<testsuite hostname="DESKTOP-RGQ48VM" failures="0" tests="1" name="Project.ShopByFiltersTest" time="13.050" errors="0" timestamp="2024-04-23T11:33:29 IST" skipped="0">
  <testcase classname="Project.ShopByFiltersTest" name="testShopByFilters" time="13.050"/>
  <system-out/>
</testsuite> <!-- Project.ShopByFiltersTest -->
