<?xml version="1.0" encoding="UTF-8"?>
<!-- Generated by org.testng.reporters.JUnitReportReporter -->
<testsuite hostname="DESKTOP-RGQ48VM" failures="0" tests="1" name="project.CustomerReviewTest" time="21.571" errors="0" timestamp="2024-04-25T12:02:19 IST" skipped="0">
  <testcase classname="project.CustomerReviewTest" name="testAddCustomerReview" time="21.571"/>
  <system-out/>
</testsuite> <!-- project.CustomerReviewTest -->
