<?xml version="1.0" encoding="UTF-8"?>
<!-- Generated by org.testng.reporters.JUnitReportReporter -->
<testsuite hostname="DESKTOP-RGQ48VM" failures="0" tests="2" name="project.CartToWishlistFunctionality" time="86.465" errors="0" timestamp="2024-04-25T14:37:23 IST" skipped="0">
  <testcase classname="project.CartToWishlistFunctionality" name="additemintoCart" time="76.842"/>
  <system-out/>
  <testcase classname="project.CartToWishlistFunctionality" name="moveitemtowishlist" time="9.623"/>
  <system-out/>
</testsuite> <!-- project.CartToWishlistFunctionality -->
