<?xml version="1.0" encoding="UTF-8"?>
<!-- Generated by org.testng.reporters.JUnitReportReporter -->
<testsuite hostname="DESKTOP-RGQ48VM" failures="0" tests="2" name="project.Signinaccount" time="22.464" errors="0" timestamp="2024-04-25T20:18:28 IST" skipped="0">
  <testcase classname="project.Signinaccount" name="enterCredentialsAndSignIn" time="6.428"/>
  <system-out/>
  <testcase classname="project.Signinaccount" name="updateAddressTest" time="16.036"/>
  <system-out/>
</testsuite> <!-- project.Signinaccount -->
