<?xml version="1.0" encoding="UTF-8"?>
<!-- Generated by org.testng.reporters.JUnitReportReporter -->
<testsuite hostname="DESKTOP-RGQ48VM" failures="0" tests="3" name="Project.Forgotpassword" time="15.273" errors="0" timestamp="2024-04-22T15:23:46 IST" skipped="0">
  <testcase classname="Project.Forgotpassword" name="navigateToMagentoWebsite" time="8.628"/>
  <system-out/>
  <testcase classname="Project.Forgotpassword" name="testForgotPassword" time="6.580"/>
  <system-out/>
  <testcase classname="Project.Forgotpassword" name="verifyErrorMessage" time="0.065"/>
  <system-out/>
</testsuite> <!-- Project.Forgotpassword -->
